<?xml version="1.0" encoding="UTF-8"?>
<!-- Generated by org.testng.reporters.JUnitReportReporter -->
<testsuite skipped="0" hostname="LAPTOP-R5JL010F" name="newproject.browser" tests="1" failures="0" timestamp="02 Jul 2022 23:28:39 GMT" time="21.377" errors="0">
  <testcase name="fnweb" time="21.377" classname="newproject.browser"/>
</testsuite> <!-- newproject.browser -->
