<?xml version="1.0" encoding="UTF-8"?>
<!-- Generated by org.testng.reporters.JUnitReportReporter -->
<testsuite skipped="0" hostname="LAPTOP-R5JL010F" name="newproject.wishlist" tests="1" failures="0" timestamp="04 Jul 2022 16:32:03 GMT" time="21.409" errors="0">
  <testcase name="fnwishlistselction" time="21.409" classname="newproject.wishlist"/>
</testsuite> <!-- newproject.wishlist -->
