<?xml version="1.0" encoding="UTF-8"?>
<!-- Generated by org.testng.reporters.JUnitReportReporter -->
<testsuite skipped="0" hostname="LAPTOP-R5JL010F" name="newproject.base" tests="4" failures="0" timestamp="25 Jun 2022 17:18:51 GMT" time="0.008" errors="0">
  <testcase name="fncredentials" time="0.001" classname="newproject.base"/>
  <testcase name="fnsubmit" time="0.001" classname="newproject.base"/>
  <testcase name="fnbrcreation" time="0.006" classname="newproject.base"/>
  <testcase name="fnlogin" time="0.000" classname="newproject.base"/>
</testsuite> <!-- newproject.base -->
