<?xml version="1.0" encoding="UTF-8"?>
<!-- Generated by org.testng.reporters.JUnitReportReporter -->
<testsuite skipped="0" hostname="LAPTOP-R5JL010F" name="newproject.loginusr" tests="1" failures="0" timestamp="02 Jul 2022 23:39:48 GMT" time="11.401" errors="0">
  <testcase name="fnlogin" time="11.401" classname="newproject.loginusr"/>
</testsuite> <!-- newproject.loginusr -->
